Start testing: Jun 06 22:36 CEST
----------------------------------------------------------
Changing directory into: /home/dante/pagmo/build/tests
1/1 Testing: test_001
1/1 Test: test_001
Command: "/home/dante/pagmo/build/tests/test_001" 
Directory: /home/dante/pagmo/build/tests
"test_001" start time: Jun 06 22:36 CEST
Output:
----------------------------------------------------------
Testing algorithm: Differential Evolution - gen:500 F: 0.8 CR: 0.8 strategy:2 
	Testing problem: Problem name: Schwefel
	Global dimension:			10
	Integer dimension:			0
	Fitness dimension:			1
	Constraints dimension:			0
	Inequality constraints dimension:	0
	Lower bounds: [-500, -500, -500, -500, -500, -500, -500, -500, -500, -500]
	Upper bounds: [500, 500, 500, 500, 500, 500, 500, 500, 500, 500]
	Constraints tolerance:			0

		Best:	0.00012732833965856116
		Mean:	1.1845124387258648
		Std:	11.784465494098233
----------------------------------------------------------
"test_001" end time: Jun 06 22:36 CEST
"test_001" time elapsed: 00:00:02
----------------------------------------------------------

End testing: Jun 06 22:36 CEST
